Arguments: 
  /usr/local/bin/node /usr/local/bin/yarn install

PATH: 
  /Library/Frameworks/Python.framework/Versions/3.8/bin:/usr/local/bin:/usr/bin:/bin:/usr/sbin:/sbin:/Library/Apple/usr/bin:/Library/Frameworks/Mono.framework/Versions/Current/Commands:/Library/flutter/bin:/Library/flutter/bin

Yarn version: 
  1.22.4

Node version: 
  12.18.1

Platform: 
  darwin x64

Trace: 
  Error: http://60.205.110.204:4873/@babel%2fruntime: ETIMEDOUT
      at Timeout._onTimeout (/usr/local/lib/node_modules/yarn/lib/cli.js:141408:19)
      at listOnTimeout (internal/timers.js:549:17)
      at processTimers (internal/timers.js:492:7)

npm manifest: 
  {
    "name": "myApp",
    "version": "1.0.0",
    "private": true,
    "description": "test",
    "templateInfo": {
      "name": "redux",
      "typescript": false,
      "css": "sass"
    },
    "scripts": {
      "build:weapp": "taro build --type weapp",
      "build:swan": "taro build --type swan",
      "build:alipay": "taro build --type alipay",
      "build:tt": "taro build --type tt",
      "build:h5": "taro build --type h5",
      "build:rn": "taro build --type rn",
      "build:qq": "taro build --type qq",
      "build:quickapp": "taro build --type quickapp",
      "dev:weapp": "npm run build:weapp -- --watch",
      "dev:swan": "npm run build:swan -- --watch",
      "dev:alipay": "npm run build:alipay -- --watch",
      "dev:tt": "npm run build:tt -- --watch",
      "dev:h5": "npm run build:h5 -- --watch",
      "dev:rn": "npm run build:rn -- --watch",
      "dev:qq": "npm run build:qq -- --watch",
      "dev:quickapp": "npm run build:quickapp -- --watch"
    },
    "browserslist": [
      "last 3 versions",
      "Android >= 4.1",
      "ios >= 8"
    ],
    "author": "",
    "license": "MIT",
    "dependencies": {
      "@babel/runtime": "^7.7.7",
      "@tarojs/components": "3.0.3",
      "@tarojs/runtime": "3.0.3",
      "@tarojs/taro": "3.0.3",
      "redux-logger": "^3.0.6",
      "redux-thunk": "^2.3.0",
      "redux": "^4.0.0",
      "react-redux": "^7.2.0",
      "react-dom": "^16.10.0",
      "@tarojs/react": "3.0.3",
      "react": "^16.10.0"
    },
    "devDependencies": {
      "@types/webpack-env": "^1.13.6",
      "@types/react": "^16.0.0",
      "@tarojs/mini-runner": "3.0.3",
      "@babel/core": "^7.8.0",
      "@tarojs/webpack-runner": "3.0.3",
      "babel-preset-taro": "3.0.3",
      "eslint-config-taro": "3.0.3",
      "eslint": "^6.8.0",
      "eslint-plugin-react": "^7.8.2",
      "eslint-plugin-import": "^2.12.0",
      "eslint-plugin-react-hooks": "^1.6.1",
      "stylelint": "9.3.0"
    }
  }

yarn manifest: 
  No manifest

Lockfile: 
  No lockfile
